2025-10-27 13:45:07.406 [main] INFO  QuanLy.QLNS.QlnsApplication - Starting QlnsApplication using Java 21.0.7 with PID 6904 (C:\Users\ADMIN\Desktop\QLNSCT\ud\QLNS\QLNS\target\classes started by ADMIN in C:\Users\ADMIN\Desktop\QLNSCT\ud\QLNS)
2025-10-27 13:45:07.417 [main] INFO  QuanLy.QLNS.QlnsApplication - The following 1 profile is active: "dev"
2025-10-27 13:45:09.332 [main] INFO  o.s.d.r.c.RepositoryConfigurationDelegate - Bootstrapping Spring Data JPA repositories in DEFAULT mode.
2025-10-27 13:45:09.534 [main] INFO  o.s.d.r.c.RepositoryConfigurationDelegate - Finished Spring Data repository scanning in 179 ms. Found 9 JPA repository interfaces.
2025-10-27 13:45:10.741 [main] INFO  o.s.b.w.e.tomcat.TomcatWebServer - Tomcat initialized with port 8080 (http)
2025-10-27 13:45:10.769 [main] INFO  o.a.coyote.http11.Http11NioProtocol - Initializing ProtocolHandler ["http-nio-8080"]
2025-10-27 13:45:10.776 [main] INFO  o.a.catalina.core.StandardService - Starting service [Tomcat]
2025-10-27 13:45:10.776 [main] INFO  o.a.catalina.core.StandardEngine - Starting Servlet engine: [Apache Tomcat/10.1.46]
2025-10-27 13:45:10.888 [main] INFO  o.a.c.c.C.[Tomcat].[localhost].[/] - Initializing Spring embedded WebApplicationContext
2025-10-27 13:45:10.889 [main] INFO  o.s.b.w.s.c.ServletWebServerApplicationContext - Root WebApplicationContext: initialization completed in 3353 ms
2025-10-27 13:45:12.437 [main] INFO  o.s.o.j.p.SpringPersistenceUnitInfo - No LoadTimeWeaver setup: ignoring JPA class transformer
2025-10-27 13:45:12.513 [main] INFO  com.zaxxer.hikari.HikariDataSource - HikariPool-1 - Starting...
2025-10-27 13:45:13.244 [main] INFO  com.zaxxer.hikari.pool.HikariPool - HikariPool-1 - Added connection ConnectionID:1 ClientConnectionId: 88c42ed7-6135-4e44-9ef1-ecf0ee72918a
2025-10-27 13:45:13.248 [main] INFO  com.zaxxer.hikari.HikariDataSource - HikariPool-1 - Start completed.
2025-10-27 13:45:13.384 [main] WARN  org.hibernate.orm.deprecation - HHH90000025: SQLServerDialect does not need to be specified explicitly using 'hibernate.dialect' (remove the property setting and it will be selected by default)
2025-10-27 13:45:16.266 [main] INFO  o.s.o.j.LocalContainerEntityManagerFactoryBean - Initialized JPA EntityManagerFactory for persistence unit 'default'
2025-10-27 13:45:16.888 [main] INFO  o.s.d.j.r.query.QueryEnhancerFactory - Hibernate is in classpath; If applicable, HQL parser will be used.
2025-10-27 13:45:19.678 [main] WARN  o.s.b.a.o.j.JpaBaseConfiguration$JpaWebConfiguration - spring.jpa.open-in-view is enabled by default. Therefore, database queries may be performed during view rendering. Explicitly configure spring.jpa.open-in-view to disable this warning
2025-10-27 13:45:20.275 [main] WARN  o.s.b.a.s.s.UserDetailsServiceAutoConfiguration - 

Using generated security password: d551ee83-ac0c-4bdf-b27c-f81a9db8749a

This generated password is for development use only. Your security configuration must be updated before running your application in production.

2025-10-27 13:45:20.309 [main] INFO  o.s.s.c.a.a.c.InitializeUserDetailsBeanManagerConfigurer$InitializeUserDetailsManagerConfigurer - Global AuthenticationManager configured with UserDetailsService bean with name inMemoryUserDetailsManager
2025-10-27 13:45:21.012 [main] INFO  o.a.coyote.http11.Http11NioProtocol - Starting ProtocolHandler ["http-nio-8080"]
2025-10-27 13:45:21.095 [main] INFO  o.s.b.w.e.tomcat.TomcatWebServer - Tomcat started on port 8080 (http) with context path '/'
2025-10-27 13:45:21.113 [main] INFO  QuanLy.QLNS.QlnsApplication - Started QlnsApplication in 14.724 seconds (process running for 15.333)
2025-10-27 13:45:21.314 [main] INFO  QuanLy.QLNS.util.DataSeeder - Database đã có dữ liệu, bỏ qua seed.
2025-10-27 13:46:01.912 [http-nio-8080-exec-2] INFO  o.a.c.c.C.[Tomcat].[localhost].[/] - Initializing Spring DispatcherServlet 'dispatcherServlet'
2025-10-27 13:46:01.928 [http-nio-8080-exec-2] INFO  o.s.web.servlet.DispatcherServlet - Initializing Servlet 'dispatcherServlet'
2025-10-27 13:46:01.928 [http-nio-8080-exec-2] INFO  o.s.web.servlet.DispatcherServlet - Completed initialization in 0 ms
2025-10-27 13:46:14.866 [http-nio-8080-exec-5] WARN  o.s.d.w.c.SpringDataJacksonConfiguration$PageModule$WarningLoggingModifier - Serializing PageImpl instances as-is is not supported, meaning that there is no guarantee about the stability of the resulting JSON structure!
	For a stable JSON structure, please use Spring Data's PagedModel (globally via @EnableSpringDataWebSupport(pageSerializationMode = VIA_DTO))
	or Spring HATEOAS and Spring Data's PagedResourcesAssembler as documented in https://docs.spring.io/spring-data/commons/reference/repositories/core-extensions.html#core.web.pageables.

2025-10-27 13:46:22.298 [http-nio-8080-exec-2] INFO  Q.QLNS.Service.impl.AuthServiceImpl - Đăng xuất
2025-10-27 13:46:25.180 [http-nio-8080-exec-4] INFO  Q.QLNS.Service.impl.AuthServiceImpl - Đăng nhập: admin
2025-10-27 13:46:25.337 [http-nio-8080-exec-4] INFO  Q.QLNS.Service.impl.AuthServiceImpl - Đăng nhập thành công: admin [ADMIN]
2025-10-27 13:51:41.000 [http-nio-8080-exec-1] INFO  Q.QLNS.Service.impl.AuthServiceImpl - Đăng xuất
2025-10-27 13:51:49.153 [http-nio-8080-exec-6] INFO  Q.QLNS.Service.impl.AuthServiceImpl - Đăng nhập: nhantest1
2025-10-27 13:51:49.266 [http-nio-8080-exec-6] INFO  Q.QLNS.Service.impl.AuthServiceImpl - Đăng nhập thành công: nhantest1 [EMPLOYEE]
2025-10-27 13:51:51.949 [http-nio-8080-exec-10] INFO  Q.QLNS.Service.impl.AuthServiceImpl - Đăng xuất
2025-10-27 13:51:53.142 [http-nio-8080-exec-2] INFO  Q.QLNS.Service.impl.AuthServiceImpl - Đăng nhập: admin
2025-10-27 13:51:53.225 [http-nio-8080-exec-2] INFO  Q.QLNS.Service.impl.AuthServiceImpl - Đăng nhập thành công: admin [ADMIN]
2025-10-27 14:10:23.900 [http-nio-8080-exec-5] INFO  Q.QLNS.Service.impl.AuthServiceImpl - Đăng xuất
2025-10-27 14:10:34.181 [http-nio-8080-exec-8] INFO  Q.QLNS.Service.impl.AuthServiceImpl - Đăng nhập: nhantest1
2025-10-27 14:10:34.276 [http-nio-8080-exec-8] INFO  Q.QLNS.Service.impl.AuthServiceImpl - Đăng nhập thành công: nhantest1 [EMPLOYEE]
2025-10-27 14:12:44.625 [http-nio-8080-exec-5] INFO  Q.QLNS.Service.impl.AuthServiceImpl - Đăng xuất
2025-10-27 14:12:46.099 [http-nio-8080-exec-8] INFO  Q.QLNS.Service.impl.AuthServiceImpl - Đăng nhập: admin
2025-10-27 14:12:47.034 [http-nio-8080-exec-8] INFO  Q.QLNS.Service.impl.AuthServiceImpl - Đăng nhập thành công: admin [ADMIN]
2025-10-27 14:14:49.045 [main] INFO  QuanLy.QLNS.QlnsApplication - Starting QlnsApplication using Java 21.0.7 with PID 12792 (C:\Users\ADMIN\Desktop\QLNSCT\ud\QLNS\QLNS\target\classes started by ADMIN in C:\Users\ADMIN\Desktop\QLNSCT\ud\QLNS)
2025-10-27 14:14:49.045 [main] INFO  QuanLy.QLNS.QlnsApplication - The following 1 profile is active: "dev"
2025-10-27 14:14:50.560 [main] INFO  o.s.d.r.c.RepositoryConfigurationDelegate - Bootstrapping Spring Data JPA repositories in DEFAULT mode.
2025-10-27 14:14:50.780 [main] INFO  o.s.d.r.c.RepositoryConfigurationDelegate - Finished Spring Data repository scanning in 198 ms. Found 9 JPA repository interfaces.
2025-10-27 14:14:52.018 [main] INFO  o.s.b.w.e.tomcat.TomcatWebServer - Tomcat initialized with port 8080 (http)
2025-10-27 14:14:52.082 [main] INFO  o.a.coyote.http11.Http11NioProtocol - Initializing ProtocolHandler ["http-nio-8080"]
2025-10-27 14:14:52.090 [main] INFO  o.a.catalina.core.StandardService - Starting service [Tomcat]
2025-10-27 14:14:52.090 [main] INFO  o.a.catalina.core.StandardEngine - Starting Servlet engine: [Apache Tomcat/10.1.46]
2025-10-27 14:14:52.225 [main] INFO  o.a.c.c.C.[Tomcat].[localhost].[/] - Initializing Spring embedded WebApplicationContext
2025-10-27 14:14:52.225 [main] INFO  o.s.b.w.s.c.ServletWebServerApplicationContext - Root WebApplicationContext: initialization completed in 3096 ms
2025-10-27 14:14:53.497 [main] INFO  o.s.o.j.p.SpringPersistenceUnitInfo - No LoadTimeWeaver setup: ignoring JPA class transformer
2025-10-27 14:14:53.529 [main] INFO  com.zaxxer.hikari.HikariDataSource - HikariPool-1 - Starting...
2025-10-27 14:14:54.160 [main] INFO  com.zaxxer.hikari.pool.HikariPool - HikariPool-1 - Added connection ConnectionID:1 ClientConnectionId: 1f923ed0-65b8-4d16-89b5-a16d5e6e0586
2025-10-27 14:14:54.160 [main] INFO  com.zaxxer.hikari.HikariDataSource - HikariPool-1 - Start completed.
2025-10-27 14:14:54.286 [main] WARN  org.hibernate.orm.deprecation - HHH90000025: SQLServerDialect does not need to be specified explicitly using 'hibernate.dialect' (remove the property setting and it will be selected by default)
2025-10-27 14:14:57.090 [main] INFO  o.s.o.j.LocalContainerEntityManagerFactoryBean - Initialized JPA EntityManagerFactory for persistence unit 'default'
2025-10-27 14:14:57.689 [main] INFO  o.s.d.j.r.query.QueryEnhancerFactory - Hibernate is in classpath; If applicable, HQL parser will be used.
2025-10-27 14:14:59.893 [main] WARN  o.s.b.a.o.j.JpaBaseConfiguration$JpaWebConfiguration - spring.jpa.open-in-view is enabled by default. Therefore, database queries may be performed during view rendering. Explicitly configure spring.jpa.open-in-view to disable this warning
2025-10-27 14:15:00.336 [main] WARN  o.s.b.a.s.s.UserDetailsServiceAutoConfiguration - 

Using generated security password: 0f675089-b52c-4c84-a8c7-37b9ca9fee9a

This generated password is for development use only. Your security configuration must be updated before running your application in production.

2025-10-27 14:15:00.368 [main] INFO  o.s.s.c.a.a.c.InitializeUserDetailsBeanManagerConfigurer$InitializeUserDetailsManagerConfigurer - Global AuthenticationManager configured with UserDetailsService bean with name inMemoryUserDetailsManager
2025-10-27 14:15:00.891 [main] INFO  o.a.coyote.http11.Http11NioProtocol - Starting ProtocolHandler ["http-nio-8080"]
2025-10-27 14:15:00.939 [main] INFO  o.s.b.w.e.tomcat.TomcatWebServer - Tomcat started on port 8080 (http) with context path '/'
2025-10-27 14:15:00.955 [main] INFO  QuanLy.QLNS.QlnsApplication - Started QlnsApplication in 13.022 seconds (process running for 13.656)
2025-10-27 14:15:01.066 [main] INFO  QuanLy.QLNS.util.DataSeeder - Database đã có dữ liệu, bỏ qua seed.
2025-10-27 14:15:31.351 [http-nio-8080-exec-1] INFO  o.a.c.c.C.[Tomcat].[localhost].[/] - Initializing Spring DispatcherServlet 'dispatcherServlet'
2025-10-27 14:15:31.351 [http-nio-8080-exec-1] INFO  o.s.web.servlet.DispatcherServlet - Initializing Servlet 'dispatcherServlet'
2025-10-27 14:15:31.360 [http-nio-8080-exec-1] INFO  o.s.web.servlet.DispatcherServlet - Completed initialization in 9 ms
2025-10-27 14:15:34.329 [http-nio-8080-exec-5] WARN  o.s.d.w.c.SpringDataJacksonConfiguration$PageModule$WarningLoggingModifier - Serializing PageImpl instances as-is is not supported, meaning that there is no guarantee about the stability of the resulting JSON structure!
	For a stable JSON structure, please use Spring Data's PagedModel (globally via @EnableSpringDataWebSupport(pageSerializationMode = VIA_DTO))
	or Spring HATEOAS and Spring Data's PagedResourcesAssembler as documented in https://docs.spring.io/spring-data/commons/reference/repositories/core-extensions.html#core.web.pageables.

